<acceptance-test-run title="Succsessfully login" name="succsessfullyLogin" steps="8" successful="5" failures="0" errors="1" skipped="2" ignored="0" pending="0" annotated-result="ERROR" result="ERROR" duration="14233" timestamp="2016-09-19T18:01:34.383+03:00" session-id="e7fa5310-4837-482c-9de4-a05c37b9da6e">
  <user-story id="UITest" name="UI test" path=""/>
  <tags>
    <tag name="UI test" type="story"/>
  </tags>
  <test-step result="SUCCESS" duration="5540">
    <screenshots>
      <screenshot image="bfbff5f0d753b9d8ce0d1bbeb4e1d68e.png"/>
    </screenshots>
    <description>Go to login page</description>
  </test-step>
  <test-step result="SUCCESS" duration="364">
    <screenshots>
      <screenshot image="23afa9b28e7076bed7842262f964bb8d.png"/>
    </screenshots>
    <description>Enter user email: &lt;span class=&apos;step-parameter&apos;&gt;test@stairwaysoft.net&lt;/span&gt;</description>
  </test-step>
  <test-step result="SUCCESS" duration="237">
    <screenshots>
      <screenshot image="8a61d7a03136364c91a23e3d8a833d2d.png"/>
    </screenshots>
    <description>Enter user password: &lt;span class=&apos;step-parameter&apos;&gt;111222333&lt;/span&gt;</description>
  </test-step>
  <test-step result="SUCCESS" duration="2569">
    <screenshots>
      <screenshot image="30cec02cf105d46784dad5f30a6e6a44.png"/>
    </screenshots>
    <description>Click on login button</description>
  </test-step>
  <test-step result="SUCCESS" duration="1018">
    <screenshots>
      <screenshot image="365c4f5b3646f0df8c66885b5749bedf.png"/>
    </screenshots>
    <description>Go to login page</description>
  </test-step>
  <test-step result="ERROR" duration="4408">
    <screenshots>
      <screenshot image="365c4f5b3646f0df8c66885b5749bedf.png" source="pagesource4688198552603154636.html.txt"/>
    </screenshots>
    <description>Enter user email: &lt;span class=&apos;step-parameter&apos;&gt;test@stairwaysoft.net&lt;/span&gt;</description>
    <error>org.openqa.selenium.NoSuchElementException: Timed out after 2 seconds. Element not found
For documentation on this error, please visit: http://seleniumhq.org/exceptions/no_such_element.html
Build info: version: &apos;2.53.0&apos;, revision: &apos;35ae25b1534ae328c771e0856c93e187490ca824&apos;, time: &apos;2016-03-15 10:43:46&apos;
System info: host: &apos;DESKTOP-1HEAJNJ&apos;, ip: &apos;10.37.9.238&apos;, os.name: &apos;Windows 10&apos;, os.arch: &apos;amd64&apos;, os.version: &apos;10.0&apos;, java.version: &apos;1.8.0_73&apos;
Driver info: driver.version: unknown</error>
    <exception>org.openqa.selenium.NoSuchElementException:Timed out after 2 seconds. Element not found
For documentation on this error, please visit: http://seleniumhq.org/exceptions/no_such_element.html
Build info: version: &apos;2.53.0&apos;, revision: &apos;35ae25b1534ae328c771e0856c93e187490ca824&apos;, time: &apos;2016-03-15 10:43:46&apos;
System info: host: &apos;DESKTOP-1HEAJNJ&apos;, ip: &apos;10.37.9.238&apos;, os.name: &apos;Windows 10&apos;, os.arch: &apos;amd64&apos;, os.version: &apos;10.0&apos;, java.version: &apos;1.8.0_73&apos;
Driver info: driver.version: unknown&#xd;
[uipages.AuthorizationPage.EnterUserEmail(AuthorizationPage.java:22), uisteps.AuthorizationPageUser.EnterUserEmail(AuthorizationPageUser.java:18), UITest.succsessfullyLogin(UITest.java:27)]</exception>
  </test-step>
  <test-step result="SKIPPED" duration="1">
    <description>Enter user password: &lt;span class=&apos;step-parameter&apos;&gt;111222333&lt;/span&gt;</description>
  </test-step>
  <test-step result="SKIPPED" duration="2">
    <description>Click on login button</description>
  </test-step>
</acceptance-test-run>